1766160318.719373 client started (1842): version 3.4, socket /tmp/tmux-1000/default, protocol 8
1766160318.719391 on Linux 6.6.87.2-microsoft-standard-WSL2 #1 SMP PREEMPT_DYNAMIC Thu Jun  5 18:30:46 UTC 2025
1766160318.719393 using libevent 2.1.12-stable poll
1766160318.719394 using ncurses 6.4 20240113
1766160318.719402 flags are 0x10010000
1766160318.719409 socket is /tmp/tmux-1000/default
1766160318.719417 trying connect
1766160318.719467 add peer 0x5bf93e4c2eb0: 6 ((nil))
1766160318.719608 sending message 100 to peer 0x5bf93e4c2eb0 (4 bytes)
1766160318.719611 sending message 111 to peer 0x5bf93e4c2eb0 (8 bytes)
1766160318.719612 sending message 101 to peer 0x5bf93e4c2eb0 (16 bytes)
1766160318.719613 sending message 109 to peer 0x5bf93e4c2eb0 (4 bytes)
1766160318.719615 sending message 102 to peer 0x5bf93e4c2eb0 (11 bytes)
1766160318.719616 sending message 108 to peer 0x5bf93e4c2eb0 (20 bytes)
1766160318.719617 sending message 112 to peer 0x5bf93e4c2eb0 (70 bytes)
1766160318.719619 sending message 112 to peer 0x5bf93e4c2eb0 (5 bytes)
1766160318.719620 sending message 112 to peer 0x5bf93e4c2eb0 (5 bytes)
1766160318.719621 sending message 112 to peer 0x5bf93e4c2eb0 (6 bytes)
1766160318.719622 sending message 112 to peer 0x5bf93e4c2eb0 (6 bytes)
1766160318.719624 sending message 112 to peer 0x5bf93e4c2eb0 (11 bytes)
1766160318.719625 sending message 112 to peer 0x5bf93e4c2eb0 (10 bytes)
1766160318.719626 sending message 112 to peer 0x5bf93e4c2eb0 (13 bytes)
1766160318.719627 sending message 112 to peer 0x5bf93e4c2eb0 (13 bytes)
1766160318.719629 sending message 112 to peer 0x5bf93e4c2eb0 (18 bytes)
1766160318.719630 sending message 112 to peer 0x5bf93e4c2eb0 (11 bytes)
1766160318.719631 sending message 112 to peer 0x5bf93e4c2eb0 (21 bytes)
1766160318.719632 sending message 112 to peer 0x5bf93e4c2eb0 (13 bytes)
1766160318.719633 sending message 112 to peer 0x5bf93e4c2eb0 (7 bytes)
1766160318.719634 sending message 112 to peer 0x5bf93e4c2eb0 (13 bytes)
1766160318.719635 sending message 112 to peer 0x5bf93e4c2eb0 (7 bytes)
1766160318.719637 sending message 112 to peer 0x5bf93e4c2eb0 (13 bytes)
1766160318.719638 sending message 112 to peer 0x5bf93e4c2eb0 (9 bytes)
1766160318.719639 sending message 112 to peer 0x5bf93e4c2eb0 (21 bytes)
1766160318.719640 sending message 112 to peer 0x5bf93e4c2eb0 (13 bytes)
1766160318.719641 sending message 112 to peer 0x5bf93e4c2eb0 (8 bytes)
1766160318.719642 sending message 112 to peer 0x5bf93e4c2eb0 (12 bytes)
1766160318.719644 sending message 112 to peer 0x5bf93e4c2eb0 (13 bytes)
1766160318.719645 sending message 112 to peer 0x5bf93e4c2eb0 (9 bytes)
1766160318.719646 sending message 112 to peer 0x5bf93e4c2eb0 (9 bytes)
1766160318.719647 sending message 112 to peer 0x5bf93e4c2eb0 (12 bytes)
1766160318.719648 sending message 112 to peer 0x5bf93e4c2eb0 (8 bytes)
1766160318.719650 sending message 112 to peer 0x5bf93e4c2eb0 (7 bytes)
1766160318.719651 sending message 112 to peer 0x5bf93e4c2eb0 (7 bytes)
1766160318.719652 sending message 112 to peer 0x5bf93e4c2eb0 (9 bytes)
1766160318.719653 sending message 112 to peer 0x5bf93e4c2eb0 (13 bytes)
1766160318.719654 sending message 112 to peer 0x5bf93e4c2eb0 (9 bytes)
1766160318.719656 sending message 112 to peer 0x5bf93e4c2eb0 (15 bytes)
1766160318.719657 sending message 112 to peer 0x5bf93e4c2eb0 (13 bytes)
1766160318.719658 sending message 112 to peer 0x5bf93e4c2eb0 (12 bytes)
1766160318.719659 sending message 112 to peer 0x5bf93e4c2eb0 (8 bytes)
1766160318.719660 sending message 112 to peer 0x5bf93e4c2eb0 (14 bytes)
1766160318.719662 sending message 112 to peer 0x5bf93e4c2eb0 (9 bytes)
1766160318.719663 sending message 112 to peer 0x5bf93e4c2eb0 (10 bytes)
1766160318.719664 sending message 112 to peer 0x5bf93e4c2eb0 (10 bytes)
1766160318.719665 sending message 112 to peer 0x5bf93e4c2eb0 (10 bytes)
1766160318.719666 sending message 112 to peer 0x5bf93e4c2eb0 (10 bytes)
1766160318.719667 sending message 112 to peer 0x5bf93e4c2eb0 (11 bytes)
1766160318.719668 sending message 112 to peer 0x5bf93e4c2eb0 (10 bytes)
1766160318.719669 sending message 112 to peer 0x5bf93e4c2eb0 (8 bytes)
1766160318.719675 sending message 112 to peer 0x5bf93e4c2eb0 (11 bytes)
1766160318.719677 sending message 112 to peer 0x5bf93e4c2eb0 (11 bytes)
1766160318.719678 sending message 112 to peer 0x5bf93e4c2eb0 (11 bytes)
1766160318.719679 sending message 112 to peer 0x5bf93e4c2eb0 (8 bytes)
1766160318.719680 sending message 112 to peer 0x5bf93e4c2eb0 (8 bytes)
1766160318.719682 sending message 112 to peer 0x5bf93e4c2eb0 (8 bytes)
1766160318.719683 sending message 112 to peer 0x5bf93e4c2eb0 (10 bytes)
1766160318.719684 sending message 112 to peer 0x5bf93e4c2eb0 (10 bytes)
1766160318.719685 sending message 112 to peer 0x5bf93e4c2eb0 (10 bytes)
1766160318.719686 sending message 112 to peer 0x5bf93e4c2eb0 (10 bytes)
1766160318.719687 sending message 112 to peer 0x5bf93e4c2eb0 (10 bytes)
1766160318.719688 sending message 112 to peer 0x5bf93e4c2eb0 (11 bytes)
1766160318.719689 sending message 112 to peer 0x5bf93e4c2eb0 (11 bytes)
1766160318.719691 sending message 112 to peer 0x5bf93e4c2eb0 (10 bytes)
1766160318.719692 sending message 112 to peer 0x5bf93e4c2eb0 (9 bytes)
1766160318.719693 sending message 112 to peer 0x5bf93e4c2eb0 (9 bytes)
1766160318.719694 sending message 112 to peer 0x5bf93e4c2eb0 (12 bytes)
1766160318.719695 sending message 112 to peer 0x5bf93e4c2eb0 (9 bytes)
1766160318.719696 sending message 112 to peer 0x5bf93e4c2eb0 (6 bytes)
1766160318.719697 sending message 112 to peer 0x5bf93e4c2eb0 (13 bytes)
1766160318.719699 sending message 112 to peer 0x5bf93e4c2eb0 (8 bytes)
1766160318.719700 sending message 112 to peer 0x5bf93e4c2eb0 (15 bytes)
1766160318.719701 sending message 112 to peer 0x5bf93e4c2eb0 (13 bytes)
1766160318.719702 sending message 112 to peer 0x5bf93e4c2eb0 (70 bytes)
1766160318.719703 sending message 112 to peer 0x5bf93e4c2eb0 (69 bytes)
1766160318.719704 sending message 112 to peer 0x5bf93e4c2eb0 (10 bytes)
1766160318.719706 sending message 112 to peer 0x5bf93e4c2eb0 (8 bytes)
1766160318.719707 sending message 112 to peer 0x5bf93e4c2eb0 (15 bytes)
1766160318.719708 sending message 112 to peer 0x5bf93e4c2eb0 (13 bytes)
1766160318.719709 sending message 112 to peer 0x5bf93e4c2eb0 (10 bytes)
1766160318.719710 sending message 112 to peer 0x5bf93e4c2eb0 (10 bytes)
1766160318.719711 sending message 112 to peer 0x5bf93e4c2eb0 (5 bytes)
1766160318.719712 sending message 112 to peer 0x5bf93e4c2eb0 (15 bytes)
1766160318.719714 sending message 104 to peer 0x5bf93e4c2eb0 (0 bytes)
1766160318.719715 sending message 110 to peer 0x5bf93e4c2eb0 (0 bytes)
1766160318.719717 sending message 107 to peer 0x5bf93e4c2eb0 (4 bytes)
1766160318.719718 sending message 105 to peer 0x5bf93e4c2eb0 (54 bytes)
1766160318.719719 sending message 105 to peer 0x5bf93e4c2eb0 (15 bytes)
1766160318.719720 sending message 105 to peer 0x5bf93e4c2eb0 (16 bytes)
1766160318.719721 sending message 105 to peer 0x5bf93e4c2eb0 (33 bytes)
1766160318.719723 sending message 105 to peer 0x5bf93e4c2eb0 (13 bytes)
1766160318.719724 sending message 105 to peer 0x5bf93e4c2eb0 (8 bytes)
1766160318.719725 sending message 105 to peer 0x5bf93e4c2eb0 (12 bytes)
1766160318.719726 sending message 105 to peer 0x5bf93e4c2eb0 (32 bytes)
1766160318.719728 sending message 105 to peer 0x5bf93e4c2eb0 (1817 bytes)
1766160318.719734 sending message 105 to peer 0x5bf93e4c2eb0 (19 bytes)
1766160318.719736 sending message 105 to peer 0x5bf93e4c2eb0 (23 bytes)
1766160318.719737 sending message 105 to peer 0x5bf93e4c2eb0 (27 bytes)
1766160318.719738 sending message 105 to peer 0x5bf93e4c2eb0 (11 bytes)
1766160318.719740 sending message 105 to peer 0x5bf93e4c2eb0 (511 bytes)
1766160318.719741 sending message 105 to peer 0x5bf93e4c2eb0 (24 bytes)
1766160318.719742 sending message 105 to peer 0x5bf93e4c2eb0 (19 bytes)
1766160318.719744 sending message 105 to peer 0x5bf93e4c2eb0 (8 bytes)
1766160318.719745 sending message 105 to peer 0x5bf93e4c2eb0 (21 bytes)
1766160318.719746 sending message 105 to peer 0x5bf93e4c2eb0 (18 bytes)
1766160318.719747 sending message 105 to peer 0x5bf93e4c2eb0 (25 bytes)
1766160318.719749 sending message 105 to peer 0x5bf93e4c2eb0 (35 bytes)
1766160318.719752 sending message 105 to peer 0x5bf93e4c2eb0 (13 bytes)
1766160318.719753 sending message 105 to peer 0x5bf93e4c2eb0 (9 bytes)
1766160318.719754 sending message 105 to peer 0x5bf93e4c2eb0 (11 bytes)
1766160318.719755 sending message 105 to peer 0x5bf93e4c2eb0 (8 bytes)
1766160318.719756 sending message 105 to peer 0x5bf93e4c2eb0 (29 bytes)
1766160318.719758 sending message 105 to peer 0x5bf93e4c2eb0 (34 bytes)
1766160318.719759 sending message 105 to peer 0x5bf93e4c2eb0 (58 bytes)
1766160318.719760 sending message 105 to peer 0x5bf93e4c2eb0 (32 bytes)
1766160318.719761 sending message 105 to peer 0x5bf93e4c2eb0 (25 bytes)
1766160318.719763 sending message 105 to peer 0x5bf93e4c2eb0 (16 bytes)
1766160318.719764 sending message 105 to peer 0x5bf93e4c2eb0 (121 bytes)
1766160318.719765 sending message 105 to peer 0x5bf93e4c2eb0 (33 bytes)
1766160318.719767 sending message 105 to peer 0x5bf93e4c2eb0 (115 bytes)
1766160318.719768 sending message 105 to peer 0x5bf93e4c2eb0 (133 bytes)
1766160318.719770 sending message 105 to peer 0x5bf93e4c2eb0 (70 bytes)
1766160318.719771 sending message 106 to peer 0x5bf93e4c2eb0 (0 bytes)
1766160318.719810 sending message 200 to peer 0x5bf93e4c2eb0 (4 bytes)
1766160318.719812 client loop enter
1766160318.720254 peer 0x5bf93e4c2eb0 message 303
1766160318.720258 open write file 2 -
1766160318.720262 sending message 305 to peer 0x5bf93e4c2eb0 (8 bytes)
1766160318.720283 write check file 2
1766160318.720322 peer 0x5bf93e4c2eb0 message 304
1766160318.720324 write 58 to file 2
1766160318.720325 peer 0x5bf93e4c2eb0 message 203
1766160318.720327 file 2 58 bytes left
1766160318.720340 write check file 2
1766160318.720342 client loop exit
